*** Using Compiler 'V5.06 update 7 (build 960)', folder: 'D:\Program Files\Arm\Keil_v5\ARM\ARMCC\Bin'
Rebuild target 'RTOS_Helm_Wheel_Chassis'
assembling startup_stm32f407xx.s...
compiling stm32f4xx_hal_flash_ex.c...
compiling stm32f4xx_hal_can.c...
compiling stm32f4xx_hal_rcc_ex.c...
compiling stm32f4xx_hal_flash.c...
compiling stm32f4xx_hal_flash_ramfunc.c...
compiling stm32f4xx_hal_rcc.c...
compiling stm32f4xx_hal_timebase_tim.c...
compiling gpio.c...
compiling freertos.c...
compiling stm32f4xx_hal_msp.c...
compiling can.c...
compiling stm32f4xx_it.c...
compiling dma.c...
compiling main.c...
compiling usart.c...
compiling list.c...
compiling croutine.c...
compiling event_groups.c...
compiling queue.c...
compiling stream_buffer.c...
compiling tasks.c...
compiling stm32f4xx_hal_gpio.c...
compiling timers.c...
compiling heap_4.c...
compiling cmsis_os.c...
compiling port.c...
compiling stm32f4xx_hal_pwr_ex.c...
compiling stm32f4xx_hal_dma.c...
compiling system_stm32f4xx.c...
compiling stm32f4xx_hal_exti.c...
compiling stm32f4xx_hal.c...
compiling stm32f4xx_hal_pwr.c...
compiling stm32f4xx_hal_dma_ex.c...
compiling stm32f4xx_hal_cortex.c...
compiling stm32f4xx_hal_uart.c...
compiling stm32f4xx_hal_tim_ex.c...
compiling stm32f4xx_hal_tim.c...
compiling CAN_receive.c...
compiling helm_wheel.c...
compiling timer_user.c...
compiling remote_control.c...
compiling chassis_task.c...
compiling pid.c...
compiling bsp_rc.c...
compiling bsp_delay.c...
compiling pid_user.c...
compiling bsp_can.c...
linking...
RTOS_Helm_Wheel_Chassis\RTOS_Helm_Wheel_Chassis.axf: Error: L6200E: Symbol HAL_TIM_PeriodElapsedCallback multiply defined (by timer_user.o and main.o).
RTOS_Helm_Wheel_Chassis\RTOS_Helm_Wheel_Chassis.axf: Error: L6200E: Symbol res multiply defined (by chassis_task.o and timer_user.o).
RTOS_Helm_Wheel_Chassis\RTOS_Helm_Wheel_Chassis.axf: Error: L6200E: Symbol prev_res multiply defined (by chassis_task.o and timer_user.o).
RTOS_Helm_Wheel_Chassis\RTOS_Helm_Wheel_Chassis.axf: Error: L6200E: Symbol res1 multiply defined (by chassis_task.o and timer_user.o).
RTOS_Helm_Wheel_Chassis\RTOS_Helm_Wheel_Chassis.axf: Error: L6200E: Symbol round_cnt multiply defined (by chassis_task.o and timer_user.o).
RTOS_Helm_Wheel_Chassis\RTOS_Helm_Wheel_Chassis.axf: Error: L6200E: Symbol round1 multiply defined (by chassis_task.o and timer_user.o).
RTOS_Helm_Wheel_Chassis\RTOS_Helm_Wheel_Chassis.axf: Error: L6200E: Symbol round2 multiply defined (by chassis_task.o and timer_user.o).
RTOS_Helm_Wheel_Chassis\RTOS_Helm_Wheel_Chassis.axf: Error: L6200E: Symbol direction_coefficient multiply defined (by chassis_task.o and timer_user.o).
RTOS_Helm_Wheel_Chassis\RTOS_Helm_Wheel_Chassis.axf: Error: L6200E: Symbol Angle_Helm_Target_1 multiply defined (by chassis_task.o and timer_user.o).
RTOS_Helm_Wheel_Chassis\RTOS_Helm_Wheel_Chassis.axf: Error: L6200E: Symbol Angle_Helm_Target_2 multiply defined (by chassis_task.o and timer_user.o).
RTOS_Helm_Wheel_Chassis\RTOS_Helm_Wheel_Chassis.axf: Error: L6200E: Symbol Angle_Helm_Target_3 multiply defined (by chassis_task.o and timer_user.o).
RTOS_Helm_Wheel_Chassis\RTOS_Helm_Wheel_Chassis.axf: Error: L6200E: Symbol Angle_Helm_Target_4 multiply defined (by chassis_task.o and timer_user.o).
RTOS_Helm_Wheel_Chassis\RTOS_Helm_Wheel_Chassis.axf: Error: L6200E: Symbol Speed_Motor_Target_1 multiply defined (by chassis_task.o and timer_user.o).
RTOS_Helm_Wheel_Chassis\RTOS_Helm_Wheel_Chassis.axf: Error: L6200E: Symbol Speed_Motor_Target_2 multiply defined (by chassis_task.o and timer_user.o).
RTOS_Helm_Wheel_Chassis\RTOS_Helm_Wheel_Chassis.axf: Error: L6200E: Symbol Speed_Motor_Target_3 multiply defined (by chassis_task.o and timer_user.o).
RTOS_Helm_Wheel_Chassis\RTOS_Helm_Wheel_Chassis.axf: Error: L6200E: Symbol Speed_Motor_Target_4 multiply defined (by chassis_task.o and timer_user.o).
RTOS_Helm_Wheel_Chassis\RTOS_Helm_Wheel_Chassis.axf: Error: L6200E: Symbol M2006_Target_1 multiply defined (by chassis_task.o and timer_user.o).
RTOS_Helm_Wheel_Chassis\RTOS_Helm_Wheel_Chassis.axf: Error: L6200E: Symbol M2006_Target_2 multiply defined (by chassis_task.o and timer_user.o).
RTOS_Helm_Wheel_Chassis\RTOS_Helm_Wheel_Chassis.axf: Error: L6200E: Symbol M2006_Target_3 multiply defined (by chassis_task.o and timer_user.o).
RTOS_Helm_Wheel_Chassis\RTOS_Helm_Wheel_Chassis.axf: Error: L6200E: Symbol M2006_Target_4 multiply defined (by chassis_task.o and timer_user.o).
RTOS_Helm_Wheel_Chassis\RTOS_Helm_Wheel_Chassis.axf: Error: L6200E: Symbol M3508_Target_1 multiply defined (by chassis_task.o and timer_user.o).
RTOS_Helm_Wheel_Chassis\RTOS_Helm_Wheel_Chassis.axf: Error: L6200E: Symbol M3508_Target_2 multiply defined (by chassis_task.o and timer_user.o).
RTOS_Helm_Wheel_Chassis\RTOS_Helm_Wheel_Chassis.axf: Error: L6200E: Symbol M3508_Target_3 multiply defined (by chassis_task.o and timer_user.o).
RTOS_Helm_Wheel_Chassis\RTOS_Helm_Wheel_Chassis.axf: Error: L6200E: Symbol M3508_Target_4 multiply defined (by chassis_task.o and timer_user.o).
Not enough information to list image symbols.
Not enough information to list load addresses in the image map.
Finished: 2 information, 0 warning and 24 error messages.
"RTOS_Helm_Wheel_Chassis\RTOS_Helm_Wheel_Chassis.axf" - 24 Error(s), 0 Warning(s).
Target not created.
Build Time Elapsed:  00:00:23
