*** Using Compiler 'V5.06 update 7 (build 960)', folder: 'D:\Program Files\Arm\Keil_v5\ARM\ARMCC\Bin'
Rebuild target 'helm_wheel_chassis'
assembling startup_stm32f407xx.s...
compiling dma.c...
compiling gpio.c...
compiling stm32f4xx_hal_rcc_ex.c...
compiling usart.c...
compiling stm32f4xx_hal_gpio.c...
compiling tim.c...
compiling stm32f4xx_hal_flash_ramfunc.c...
compiling stm32f4xx_hal_flash.c...
compiling stm32f4xx_hal_flash_ex.c...
compiling stm32f4xx_it.c...
compiling stm32f4xx_hal_msp.c...
compiling main.c...
compiling can.c...
compiling stm32f4xx_hal_can.c...
compiling stm32f4xx_hal_rcc.c...
compiling timer_user.c...
compiling stm32f4xx_hal_pwr_ex.c...
compiling stm32f4xx_hal_cortex.c...
compiling stm32f4xx_hal_dma.c...
compiling stm32f4xx_hal_pwr.c...
compiling helm_wheel.c...
compiling stm32f4xx_hal_exti.c...
compiling pid.c...
compiling CAN_receive.c...
compiling system_stm32f4xx.c...
compiling stm32f4xx_hal.c...
compiling stm32f4xx_hal_uart.c...
compiling stm32f4xx_hal_dma_ex.c...
compiling stm32f4xx_hal_tim_ex.c...
compiling stm32f4xx_hal_tim.c...
compiling remote_control.c...
compiling pid_user.c...
compiling bsp_can.c...
compiling bsp_delay.c...
compiling bsp_rc.c...
linking...
Program Size: Code=16282 RO-data=622 RW-data=156 ZI-data=4820  
FromELF: creating hex file...
"helm_wheel_chassis\helm_wheel_chassis.axf" - 0 Error(s), 0 Warning(s).
Build Time Elapsed:  00:00:19
