*** Using Compiler 'V5.06 update 7 (build 960)', folder: 'D:\Program Files\Arm\Keil_v5\ARM\ARMCC\Bin'
Rebuild target 'RTOS_MPU6050'
assembling startup_stm32f103x6.s...
compiling stm32f1xx_hal_timebase_tim.c...
compiling stm32f1xx_hal_rcc_ex.c...
compiling stm32f1xx_hal_gpio_ex.c...
compiling main.c...
compiling stm32f1xx_hal_gpio.c...
compiling freertos.c...
compiling stm32f1xx_hal.c...
compiling gpio.c...
compiling stm32f1xx_hal_msp.c...
compiling stm32f1xx_hal_dma.c...
compiling stm32f1xx_hal_rcc.c...
compiling stm32f1xx_it.c...
compiling stm32f1xx_hal_cortex.c...
compiling usart.c...
compiling i2c.c...
compiling croutine.c...
compiling list.c...
compiling event_groups.c...
compiling queue.c...
compiling stream_buffer.c...
compiling tasks.c...
compiling stm32f1xx_hal_pwr.c...
compiling stm32f1xx_hal_flash.c...
compiling timers.c...
compiling heap_4.c...
compiling stm32f1xx_hal_exti.c...
compiling stm32f1xx_hal_flash_ex.c...
compiling cmsis_os.c...
compiling port.c...
compiling system_stm32f1xx.c...
compiling stm32f1xx_hal_tim_ex.c...
compiling stm32f1xx_hal_uart.c...
compiling stm32f1xx_hal_i2c.c...
compiling stm32f1xx_hal_tim.c...
compiling kalman.cpp...
compiling mpu6050.cpp...
compiling kalman_user.cpp...
compiling imu_task.cpp...
compiling led_task.cpp...
compiling master_computer_task.cpp...
compiling bsp_delay.cpp...
linking...
Program Size: Code=15636 RO-data=392 RW-data=140 ZI-data=5804  
FromELF: creating hex file...
"RTOS_MPU6050\RTOS_MPU6050.axf" - 0 Error(s), 0 Warning(s).
Build Time Elapsed:  00:00:10
