*** Using Compiler 'V5.06 update 7 (build 960)', folder: 'D:\Program Files\Arm\Keil_v5\ARM\ARMCC\Bin'
Rebuild target 'RTOS_GP_Helm_Wheel_Chassis'
assembling startup_stm32f407xx.s...
compiling stm32f4xx_hal_timebase_tim.c...
compiling stm32f4xx_hal_flash_ex.c...
compiling stm32f4xx_hal_can.c...
compiling stm32f4xx_hal_rcc_ex.c...
compiling stm32f4xx_hal_rcc.c...
compiling usart.c...
compiling stm32f4xx_hal_msp.c...
compiling can.c...
compiling stm32f4xx_hal_flash.c...
compiling gpio.c...
compiling dma.c...
compiling tim.c...
compiling stm32f4xx_it.c...
compiling main.c...
compiling freertos.c...
compiling croutine.c...
compiling event_groups.c...
compiling list.c...
compiling queue.c...
compiling stream_buffer.c...
compiling tasks.c...
compiling stm32f4xx_hal.c...
compiling stm32f4xx_hal_flash_ramfunc.c...
compiling stm32f4xx_hal_exti.c...
compiling stm32f4xx_hal_cortex.c...
compiling stm32f4xx_hal_pwr.c...
compiling system_stm32f4xx.c...
compiling stm32f4xx_hal_gpio.c...
compiling stm32f4xx_hal_dma.c...
compiling stm32f4xx_hal_pwr_ex.c...
compiling stm32f4xx_hal_dma_ex.c...
compiling stm32f4xx_hal_tim_ex.c...
compiling stm32f4xx_hal_uart.c...
compiling stm32f4xx_hal_tim.c...
compiling timers.c...
compiling heap_4.c...
compiling cmsis_os.c...
compiling port.c...
compiling pid.c...
compiling shoot_task.c...
../applications/Inc/shoot_task.h(15): warning:  #1-D: last line of file ends without a newline
  #endif
..\applications\Src\shoot_task.c(32): warning:  #1-D: last line of file ends without a newline
  }
..\applications\Src\shoot_task.c: 2 warnings, 0 errors
compiling pid_user.c...
compiling global_position.c...
compiling CAN_receive.c...
compiling bsp_rc.c...
compiling catch_task.c...
..\applications\Src\catch_task.c(38): warning:  #223-D: function "pid_call_2" declared implicitly
  			Catch_Current_Target[i] = pid_call_2(Catch_Angle_Target[i], i+4);
..\applications\Src\catch_task.c: 1 warning, 0 errors
compiling chassis_task.c...
compiling helm_wheel.c...
compiling bsp_delay.c...
compiling hwt101ct_232.c...
compiling remote_control.c...
compiling bsp_can.c...
compiling chassis_api.c...
compiling imu_ops9.c...
linking...
RTOS_GP_Helm_Wheel_Chassis\RTOS_GP_Helm_Wheel_Chassis.axf: Error: L6218E: Undefined symbol pid_call_2 (referred from catch_task.o).
Not enough information to list image symbols.
Not enough information to list load addresses in the image map.
Finished: 2 information, 0 warning and 1 error messages.
"RTOS_GP_Helm_Wheel_Chassis\RTOS_GP_Helm_Wheel_Chassis.axf" - 1 Error(s), 3 Warning(s).
Target not created.
Build Time Elapsed:  00:00:30
